[icc2-lic Tue Apr  7 09:47:21 2026] Command 'check_design' requires licenses
[icc2-lic Tue Apr  7 09:47:21 2026] Sending authorization request for 'ICCompilerII'
[icc2-lic Tue Apr  7 09:47:22 2026] Authorization request for 'ICCompilerII' failed (-5)
[icc2-lic Tue Apr  7 09:47:22 2026] Sending authorization request for 'ICCompilerII-4'
[icc2-lic Tue Apr  7 09:47:22 2026] Authorization request for 'ICCompilerII-4' failed (-5)
[icc2-lic Tue Apr  7 09:47:22 2026] Sending authorization request for 'ICCompilerII-8'
[icc2-lic Tue Apr  7 09:47:23 2026] Authorization request for 'ICCompilerII-8' succeeded
[icc2-lic Tue Apr  7 09:47:23 2026] Sending authorization request for 'ICCompilerII-NX'
[icc2-lic Tue Apr  7 09:47:23 2026] Authorization request for 'ICCompilerII-NX' succeeded
[icc2-lic Tue Apr  7 09:47:23 2026] Attempting to check-out alternate set of keys directly with queueing
[icc2-lic Tue Apr  7 09:47:23 2026] Sending count request for 'ICCompilerII-8' 
[icc2-lic Tue Apr  7 09:47:23 2026] Count request for 'ICCompilerII-8' returned 0 
[icc2-lic Tue Apr  7 09:47:23 2026] Sending check-out request for 'ICCompilerII-8' (1) with wait option
[icc2-lic Tue Apr  7 09:47:24 2026] Check-out request for 'ICCompilerII-8' with wait option succeeded
[icc2-lic Tue Apr  7 09:47:24 2026] Sending checkout check request for 'ICCompilerII-8' 
[icc2-lic Tue Apr  7 09:47:24 2026] Checkout check request for 'ICCompilerII-8' returned 0 
[icc2-lic Tue Apr  7 09:47:24 2026] Sending count request for 'ICCompilerII-8' 
[icc2-lic Tue Apr  7 09:47:24 2026] Count request for 'ICCompilerII-8' returned 1 
[icc2-lic Tue Apr  7 09:47:24 2026] Sending count request for 'ICCompilerII-NX' 
[icc2-lic Tue Apr  7 09:47:24 2026] Count request for 'ICCompilerII-NX' returned 0 
[icc2-lic Tue Apr  7 09:47:24 2026] Sending check-out request for 'ICCompilerII-NX' (1) with wait option
[icc2-lic Tue Apr  7 09:47:25 2026] Check-out request for 'ICCompilerII-NX' with wait option succeeded
[icc2-lic Tue Apr  7 09:47:25 2026] Sending checkout check request for 'ICCompilerII-NX' 
[icc2-lic Tue Apr  7 09:47:25 2026] Checkout check request for 'ICCompilerII-NX' returned 0 
[icc2-lic Tue Apr  7 09:47:25 2026] Sending count request for 'ICCompilerII-NX' 
[icc2-lic Tue Apr  7 09:47:25 2026] Count request for 'ICCompilerII-NX' returned 1 
[icc2-lic Tue Apr  7 09:47:25 2026] Check-out of alternate set of keys directly with queueing was successful
****************************************
 Report : check_design 
 Options: { pre_placement_stage }
 Design : pow4
 Version: W-2024.09
 Date   : Tue Apr  7 09:47:26 2026
****************************************

Running mega-check 'pre_placement_stage': 
    Running atomic-check 'design_mismatch'
    Running atomic-check 'scan_chain'
    Running atomic-check 'mv_design'
    Running atomic-check 'rp_constraints'
    Running atomic-check 'timing'
    Running atomic-check 'hier_pre_placement'

  *** EMS Message summary ***
  ----------------------------------------------------------------------------------------------------
  Rule         Type   Count      Message
  ----------------------------------------------------------------------------------------------------
  DFT-011      Info   1          The design has no scan chain defined in the scandef.
  MV-027       Warn   3          The tie-off connection '%tieNet' has not been implemented.
  ----------------------------------------------------------------------------------------------------
  Total 4 EMS messages : 0 errors, 3 warnings, 1 info.
  ----------------------------------------------------------------------------------------------------

  *** Non-EMS message summary ***
  ----------------------------------------------------------------------------------------------------
  Rule         Type   Count      Message
  ----------------------------------------------------------------------------------------------------
  NDMUI-173    Info   1          There are no relative placement groups in the design.
  PVT-032      Info   1          Corner %s: no PVT mismatches.
  ----------------------------------------------------------------------------------------------------
  Total 2 non-EMS messages : 0 errors, 0 warnings, 2 info.
  ----------------------------------------------------------------------------------------------------

Information: EMS database is saved to file 'check_design.ems'.
Information: Non-EMS messages are saved into file 'check_design2026Apr07094725.log'.
1
