Information: The value of option cts.compile.enable_cell_relocation has been overridden to "leaf_only" to support latency-driven placement. (CTS-973)
****************************************
 Report : clock settings
 Design : pow4
 Date   : Tue Apr  7 09:48:02 2026
****************************************


======================================
Configurations 
======================================

##Global
  Corner = nom
    Max transition: around 0.500 (default)
    Max capacitance: 600.000 (default)
    Target skew: 0 (default)
    Target latency: Not specified

##clk
  Corner = nom
    Max transition: around 0.500 (default)
    Max capacitance: 600.000 (default)
    Target skew: 0.300
    Target latency: Not specified


======================================
Routing Rules 
======================================

##Global
Routing rule for sink nets: Not specified
Routing rule for internal nets: Not specified
Routing rule for root nets: Not specified
Routing rule for all nets: Not specified
Net-based routing rules (by set_clock_routing_rule): Not specified
Net-based routing rules (by set_routing_rule): Not specified

##clk
Routing rule for sink nets: Not specified
Routing rule for internal nets: Not specified
Routing rule for root nets: Not specified
Routing rule for all nets: Not specified
Net-based routing rules (by set_clock_routing_rule): Not specified
Net-based routing rules (by set_routing_rule): Not specified


======================================
Buffers and Inverters 
======================================

##Buffers
Name                                   Area      Max Transition       Max Load
------------------------------------------------------------------------------
saed32rvt_c/DELLN1X2_RVT              5.083               1.024         16.000
saed32rvt_c/DELLN2X2_RVT              6.608               1.024         16.000
saed32rvt_c/DELLN3X2_RVT              9.657               1.024         16.000
saed32rvt_c/NBUFFX16_RVT              6.099               1.024         82.000
saed32rvt_c/NBUFFX2_RVT               2.033               1.024         16.000
saed32rvt_c/NBUFFX32_RVT             10.674               1.024        168.000
saed32rvt_c/NBUFFX4_RVT               2.541               1.024         32.000
saed32rvt_c/NBUFFX8_RVT               3.812               1.024         64.000
saed32rvt_c/AOBUFX1_RVT               7.116               1.024          8.000
saed32rvt_c/AOBUFX2_RVT               6.608               1.024         16.000
saed32rvt_c/AOBUFX4_RVT               8.133               1.024         32.000

##Inverters
Name                                   Area      Max Transition       Max Load
------------------------------------------------------------------------------
saed32rvt_c/IBUFFX16_RVT              6.608               1.024         82.000
saed32rvt_c/IBUFFX2_RVT               2.541               1.024         16.000
saed32rvt_c/IBUFFX32_RVT             11.691               1.024        168.000
saed32rvt_c/IBUFFX4_RVT               3.050               1.024         32.000
saed32rvt_c/IBUFFX8_RVT               4.320               1.024         64.000
saed32rvt_c/INVX0_RVT                 1.271               1.024          8.000
saed32rvt_c/INVX16_RVT                5.083               1.024         82.000
saed32rvt_c/INVX1_RVT                 1.271               1.024          8.000
saed32rvt_c/INVX2_RVT                 1.525               1.024         16.000
saed32rvt_c/INVX32_RVT                9.149               1.024        168.000
saed32rvt_c/INVX4_RVT                 2.033               1.024         32.000
saed32rvt_c/INVX8_RVT                 3.050               1.024         64.000
saed32rvt_c/AOINVX1_RVT               7.116               1.024          8.000
saed32rvt_c/AOINVX2_RVT               7.624               1.024         16.000
saed32rvt_c/AOINVX4_RVT               8.641               1.024         32.000


======================================
Spacing Rules 
======================================

##By design
No by design spacing rule is specified

##By clock
No by clock spacing rule is specified

##By libcell
No by libcell spacing rule is specified

##By clock and libcell
No by clock and libcell spacing rule is specified
1
