Command: vcs -full64 -sverilog pow4_tb.v pow4_rtl.v -debug_access+all -kdb -l compile.log \

                         Chronologic VCS (TM)
         Version W-2024.09_Full64 -- Sun Apr  5 19:45:17 2026

                    Copyright (c) 1991 - 2024 Synopsys, Inc.
   This software and the associated documentation are proprietary to Synopsys,
 Inc. This software may only be used in accordance with the terms and conditions
 of a written license agreement with Synopsys, Inc. All other use, reproduction,
   or distribution of this software is strictly prohibited.  Licensed Products
     communicate with Synopsys servers for the purpose of providing software
    updates, detecting software piracy and verifying that customers are using
    Licensed Products in conformity with the applicable License Key for such
  Licensed Products. Synopsys will use information gathered in connection with
    this process to deliver software updates and pursue software pirates and
                                   infringers.

 Inclusivity & Diversity - Visit SolvNetPlus to read the "Synopsys Statement on
            Inclusivity and Diversity" (Refer to article 000036315 at
                        https://solvnetplus.synopsys.com)

Parsing design file 'pow4_tb.v'
Parsing design file 'pow4_rtl.v'
Top Level Modules:
       pow4_tb
TimeScale is 1 ns / 1 ps
Starting vcs inline pass...
1 module and 0 UDP read.
recompiling module pow4_tb
rm -f _cuarc*.so _csrc*.so pre_vcsobj_*.so share_vcsobj_*.so
if [ -x ../simv ]; then chmod a-x ../simv; fi
g++  -o ../simv      -rdynamic  -Wl,-rpath='$ORIGIN'/simv.daidir -Wl,-rpath=./simv.daidir \
-Wl,-rpath=/home/synopsys_install/vcs/W-2024.09/linux64/lib -L/home/synopsys_install/vcs/W-2024.09/linux64/lib \
-Wl,-rpath-link=./  /usr/lib64/libnuma.so.1   objs/amcQw_d.o   _31571_archive_1.so \
_prev_archive_1.so   SIM_l.o      rmapats_mop.o rmapats.o rmar.o rmar_nd.o  rmar_llvm_0_1.o \
rmar_llvm_0_0.o            -lvirsim -lerrorinf -lsnpsmalloc -lvfs    -lvcsnew -lsimprofile \
-luclinative /home/synopsys_install/vcs/W-2024.09/linux64/lib/vcs_tls.o   -Wl,-whole-archive \
-lvcsucli    -Wl,-no-whole-archive        _vcs_pli_stub_.o   /home/synopsys_install/vcs/W-2024.09/linux64/lib/vcs_save_restore_new.o \
/home/synopsys_install/verdi/W-2024.09/share/PLI/VCS/LINUX64/pli.a -ldl  -lc -lm \
-lpthread -ldl 
../simv up to date
CPU time: .245 seconds to compile + .195 seconds to elab + .174 seconds to link
Verdi KDB elaboration done and the database successfully generated
