 
****************************************
Report : area
Design : pow4
Version: W-2024.09
Date   : Tue Apr  7 08:03:42 2026
****************************************

Information: Updating design information... (UID-85)
Library(s) Used:

    saed32rvt_tt0p78vn40c (File: /home/kris/RTL2GDSII_POW4/ref/lib/stdcell_rvt/saed32rvt_tt0p78vn40c.db)

Number of ports:                           10
Number of nets:                            17
Number of cells:                           13
Number of combinational cells:              6
Number of sequential cells:                 6
Number of macros/black boxes:               0
Number of buf/inv:                          2
Number of references:                       4

Combinational area:                 10.674048
Buf/Inv area:                        2.541440
Noncombinational area:              39.646465
Macro/Black Box area:                0.000000
Net Interconnect area:               2.620519

Total cell area:                    50.320513
Total area:                         52.941032
1
