 
****************************************
Report : net
Design : pow4
Version: W-2024.09
Date   : Tue Apr  7 08:03:42 2026
****************************************


Operating Conditions: tt0p78vn40c   Library: saed32rvt_tt0p78vn40c
Wire Load Model Mode: enclosed

Design        Wire Load Model            Library
------------------------------------------------
pow4                   ForQA             saed32rvt_tt0p78vn40c


Attributes:
   dr - drc disabled

Net
 Fanout    Fanin     Load      LoadUR    LoadUF    LoadLR    LoadLF    Resist    Pins      Attr
-----------------------------------------------------------------------------------------------
N0
      1         1        0.70      0.78      0.77      0.62      0.60      0.02       2    
N2
      1         1        0.70      0.78      0.77      0.62      0.60      0.02       2    
N4
      1         1        0.70      0.78      0.77      0.62      0.60      0.02       2    
N6
      1         1        0.70      0.78      0.77      0.62      0.60      0.02       2    
X[0]
      1         1        0.70      0.78      0.77      0.62      0.60      0.02       2    
X[1]
      1         1        0.70      0.78      0.77      0.62      0.60      0.02       2    
X_reg[0]
      4         1        2.99      3.42      3.38      2.71      2.64      0.08       5    
X_reg[1]
      2         1        1.42      1.64      1.62      1.28      1.28      0.04       3    
Y[0]
      1         1        0.22      0.22      0.22      0.22      0.22      0.02       2    
Y[1]
      3         1        0.49      0.49      0.49      0.49      0.49      0.04       4    dr
Y[2]
      1         1        0.22      0.22      0.22      0.22      0.22      0.02       2    
Y[4]
      1         1        0.22      0.22      0.22      0.22      0.22      0.02       2    
Y[6]
      1         1        0.22      0.22      0.22      0.22      0.22      0.02       2    
clk
      6         1        5.33      6.03      5.89      4.76      4.69      0.14       7    
n4
      1         1        0.87      1.01      1.00      0.72      0.71      0.02       2    
n5
      1         1        0.87      1.01      1.00      0.72      0.71      0.02       2    
n6
      2         1        1.47      1.68      1.65      1.32      1.26      0.04       3    
-----------------------------------------------------------------------------------------------
Total 17 nets
     29        17       18.54     20.81     20.53     16.61     16.27      0.54      46
Maximum
      6         1        5.33      6.03      5.89      4.76      4.69      0.14       7
Average
   1.71      1.00        1.09      1.22      1.21      0.98      0.96      0.03    2.71
1
