 
****************************************
Report : timing
        -path full
        -delay max
        -max_paths 1
Design : pow4
Version: W-2024.09
Date   : Tue Apr  7 08:03:42 2026
****************************************

Operating Conditions: tt0p78vn40c   Library: saed32rvt_tt0p78vn40c
Wire Load Model Mode: enclosed

  Startpoint: X_reg_reg[0]
              (rising edge-triggered flip-flop clocked by clk)
  Endpoint: Y_reg[6] (rising edge-triggered flip-flop clocked by clk)
  Path Group: clk
  Path Type: max

  Des/Clust/Port     Wire Load Model       Library
  ------------------------------------------------
  pow4               ForQA                 saed32rvt_tt0p78vn40c

  Point                                    Incr       Path
  -----------------------------------------------------------
  clock clk (rise edge)                    0.00       0.00
  clock network delay (propagated)         0.02       0.02
  X_reg_reg[0]/CLK (DFFX1_RVT)             0.00       0.02 r
  X_reg_reg[0]/Q (DFFX1_RVT)               0.20       0.22 f
  U13/Y (NAND2X0_RVT)                      0.09       0.31 r
  U14/Y (INVX1_RVT)                        0.05       0.36 f
  Y_reg[6]/D (DFFX1_RVT)                   0.01       0.37 f
  data arrival time                                   0.37

  clock clk (rise edge)                    2.00       2.00
  clock network delay (propagated)         0.02       2.02
  clock uncertainty                       -0.10       1.92
  Y_reg[6]/CLK (DFFX1_RVT)                 0.00       1.92 r
  library setup time                      -0.09       1.83
  data required time                                  1.83
  -----------------------------------------------------------
  data required time                                  1.83
  data arrival time                                  -0.37
  -----------------------------------------------------------
  slack (MET)                                         1.46


1
